  [1m[36m (21.0ms)[0m  [1mSELECT name FROM sqlite_master WHERE type = 'table' AND name = "schema_migrations"[0m
  [1m[35m (20.0ms)[0m  CREATE TABLE "schema_migrations" ("version" varchar(255) NOT NULL) 
  [1m[36m (12.0ms)[0m  [1mCREATE UNIQUE INDEX "unique_schema_migrations" ON "schema_migrations" ("version")[0m
  [1m[35mActiveRecord::SchemaMigration Load (3.0ms)[0m  SELECT "schema_migrations".* FROM "schema_migrations"
Migrating to CreateHandbagPurses (20131127183835)
  [1m[36m (25.0ms)[0m  [1mCREATE TABLE "handbag_purses" ("id" integer PRIMARY KEY AUTOINCREMENT NOT NULL, "purseholder_type" varchar(255), "purseholder_id" integer, "token" varchar(255) NOT NULL, "token_expires_at" datetime NOT NULL, "locked" boolean DEFAULT 'f', "created_at" datetime, "updated_at" datetime) [0m
  [1m[35m (16.0ms)[0m  CREATE INDEX "index_handbag_purses_on_purseholder_type" ON "handbag_purses" ("purseholder_type")
  [1m[36m (27.0ms)[0m  [1mCREATE INDEX "index_handbag_purses_on_purseholder_id" ON "handbag_purses" ("purseholder_id")[0m
  [1m[35m (20.0ms)[0m  CREATE UNIQUE INDEX "index_handbag_purses_on_purseholder_type_and_purseholder_id" ON "handbag_purses" ("purseholder_type", "purseholder_id")
  [1m[36m (13.0ms)[0m  [1mCREATE UNIQUE INDEX "index_handbag_purses_on_token" ON "handbag_purses" ("token")[0m
  [1m[35m (4.0ms)[0m  SELECT name FROM sqlite_master WHERE type = 'table' AND name = "schema_migrations"
  [1m[36mSQL (3.0ms)[0m  [1mINSERT INTO "schema_migrations" ("version") VALUES ('20131127183835')[0m
  [1m[35m (4.0ms)[0m  SELECT name FROM sqlite_master WHERE type = 'table' AND name = "schema_migrations"
  [1m[36mActiveRecord::SchemaMigration Load (4.0ms)[0m  [1mSELECT "schema_migrations".* FROM "schema_migrations"[0m
  [1m[35m (6.0ms)[0m  SELECT name FROM sqlite_master WHERE type = 'table' AND NOT name = 'sqlite_sequence'
  [1m[36m (18.0ms)[0m  [1mSELECT name FROM sqlite_master WHERE type = 'table' AND name = "handbag_purses"[0m
  [1m[35m (35.0ms)[0m  CREATE TABLE "handbag_purses" ("id" integer PRIMARY KEY AUTOINCREMENT NOT NULL, "purseholder_type" varchar(255), "purseholder_id" integer, "token" varchar(255) NOT NULL, "token_expires_at" datetime NOT NULL, "locked" boolean DEFAULT 'f', "created_at" datetime, "updated_at" datetime) 
  [1m[36m (12.0ms)[0m  [1mCREATE INDEX "index_handbag_purses_on_purseholder_id" ON "handbag_purses" ("purseholder_id")[0m
  [1m[35m (17.0ms)[0m  CREATE UNIQUE INDEX "index_handbag_purses_on_purseholder_type_and_purseholder_id" ON "handbag_purses" ("purseholder_type", "purseholder_id")
  [1m[36m (17.0ms)[0m  [1mCREATE INDEX "index_handbag_purses_on_purseholder_type" ON "handbag_purses" ("purseholder_type")[0m
  [1m[35m (19.0ms)[0m  CREATE UNIQUE INDEX "index_handbag_purses_on_token" ON "handbag_purses" ("token")
  [1m[36m (5.0ms)[0m  [1mSELECT name FROM sqlite_master WHERE type = 'table' AND name = "schema_migrations"[0m
  [1m[35m (14.0ms)[0m  CREATE TABLE "schema_migrations" ("version" varchar(255) NOT NULL) 
  [1m[36m (15.0ms)[0m  [1mCREATE UNIQUE INDEX "unique_schema_migrations" ON "schema_migrations" ("version")[0m
  [1m[35m (4.0ms)[0m  SELECT version FROM "schema_migrations"
  [1m[36m (7.0ms)[0m  [1mINSERT INTO "schema_migrations" (version) VALUES ('20131127183835')[0m
  [1m[36m (18.0ms)[0m  [1mSELECT name FROM sqlite_master WHERE type = 'table' AND name = "handbag_purses"[0m
  [1m[35m (34.0ms)[0m  CREATE TABLE "handbag_purses" ("id" integer PRIMARY KEY AUTOINCREMENT NOT NULL, "purseholder_type" varchar(255), "purseholder_id" integer, "token" varchar(255) NOT NULL, "token_expires_at" datetime NOT NULL, "locked" boolean DEFAULT 'f', "created_at" datetime, "updated_at" datetime) 
  [1m[36m (12.0ms)[0m  [1mCREATE INDEX "index_handbag_purses_on_purseholder_id" ON "handbag_purses" ("purseholder_id")[0m
  [1m[35m (14.0ms)[0m  CREATE UNIQUE INDEX "index_handbag_purses_on_purseholder_type_and_purseholder_id" ON "handbag_purses" ("purseholder_type", "purseholder_id")
  [1m[36m (21.0ms)[0m  [1mCREATE INDEX "index_handbag_purses_on_purseholder_type" ON "handbag_purses" ("purseholder_type")[0m
  [1m[35m (20.0ms)[0m  CREATE UNIQUE INDEX "index_handbag_purses_on_token" ON "handbag_purses" ("token")
  [1m[36m (5.0ms)[0m  [1mSELECT name FROM sqlite_master WHERE type = 'table' AND name = "schema_migrations"[0m
  [1m[35m (25.0ms)[0m  CREATE TABLE "schema_migrations" ("version" varchar(255) NOT NULL) 
  [1m[36m (18.0ms)[0m  [1mCREATE UNIQUE INDEX "unique_schema_migrations" ON "schema_migrations" ("version")[0m
  [1m[35m (4.0ms)[0m  SELECT version FROM "schema_migrations"
  [1m[36m (7.0ms)[0m  [1mINSERT INTO "schema_migrations" (version) VALUES ('20131127183835')[0m
  [1m[36m (34.0ms)[0m  [1mSELECT name FROM sqlite_master WHERE type = 'table' AND name = "schema_migrations"[0m
  [1m[35mActiveRecord::SchemaMigration Load (3.0ms)[0m  SELECT "schema_migrations".* FROM "schema_migrations"
  [1m[36m (4.0ms)[0m  [1mSELECT name FROM sqlite_master WHERE type = 'table' AND name = "schema_migrations"[0m
  [1m[35m (5.0ms)[0m  SELECT name FROM sqlite_master WHERE type = 'table' AND name = "schema_migrations"
  [1m[36mActiveRecord::SchemaMigration Load (3.0ms)[0m  [1mSELECT "schema_migrations".* FROM "schema_migrations"[0m
  [1m[35m (6.0ms)[0m  SELECT name FROM sqlite_master WHERE type = 'table' AND NOT name = 'sqlite_sequence'
  [1m[36m (18.0ms)[0m  [1mSELECT name FROM sqlite_master WHERE type = 'table' AND name = "handbag_purses"[0m
  [1m[35m (37.0ms)[0m  CREATE TABLE "handbag_purses" ("id" integer PRIMARY KEY AUTOINCREMENT NOT NULL, "purseholder_type" varchar(255), "purseholder_id" integer, "token" varchar(255) NOT NULL, "token_expires_at" datetime NOT NULL, "locked" boolean DEFAULT 'f', "created_at" datetime, "updated_at" datetime) 
  [1m[36m (13.0ms)[0m  [1mCREATE INDEX "index_handbag_purses_on_purseholder_id" ON "handbag_purses" ("purseholder_id")[0m
  [1m[35m (14.0ms)[0m  CREATE UNIQUE INDEX "index_handbag_purses_on_purseholder_type_and_purseholder_id" ON "handbag_purses" ("purseholder_type", "purseholder_id")
  [1m[36m (15.0ms)[0m  [1mCREATE INDEX "index_handbag_purses_on_purseholder_type" ON "handbag_purses" ("purseholder_type")[0m
  [1m[35m (18.0ms)[0m  CREATE UNIQUE INDEX "index_handbag_purses_on_token" ON "handbag_purses" ("token")
  [1m[36m (4.0ms)[0m  [1mSELECT name FROM sqlite_master WHERE type = 'table' AND name = "schema_migrations"[0m
  [1m[35m (12.0ms)[0m  CREATE TABLE "schema_migrations" ("version" varchar(255) NOT NULL) 
  [1m[36m (11.0ms)[0m  [1mCREATE UNIQUE INDEX "unique_schema_migrations" ON "schema_migrations" ("version")[0m
  [1m[35m (4.0ms)[0m  SELECT version FROM "schema_migrations"
  [1m[36m (5.0ms)[0m  [1mINSERT INTO "schema_migrations" (version) VALUES ('20131127183835')[0m
